2023-02-21T02:36:14.832239Z 0 [System] [MY-010116] [Server] C:\Program Files\MySQL\MySQL Server 8.0\bin\mysqld.exe (mysqld 8.0.32) starting as process 27792
2023-02-21T02:36:14.917475Z 1 [System] [MY-013576] [InnoDB] InnoDB initialization has started.
2023-02-21T02:36:15.203865Z 1 [System] [MY-013577] [InnoDB] InnoDB initialization has ended.
2023-02-21T02:36:15.673164Z 0 [Warning] [MY-010068] [Server] CA certificate ca.pem is self signed.
2023-02-21T02:36:15.676040Z 0 [System] [MY-013602] [Server] Channel mysql_main configured to support TLS. Encrypted connections are now supported for this channel.
2023-02-21T02:36:15.743304Z 0 [System] [MY-011323] [Server] X Plugin ready for connections. Bind-address: '::' port: 33060
2023-02-21T02:36:15.743607Z 0 [System] [MY-010931] [Server] C:\Program Files\MySQL\MySQL Server 8.0\bin\mysqld.exe: ready for connections. Version: '8.0.32'  socket: ''  port: 3306  MySQL Community Server - GPL.
2023-02-24T07:29:06.018771Z 0 [System] [MY-013105] [Server] C:\Program Files\MySQL\MySQL Server 8.0\bin\mysqld.exe: Normal shutdown.
2023-02-24T07:29:07.148080Z 0 [System] [MY-010910] [Server] C:\Program Files\MySQL\MySQL Server 8.0\bin\mysqld.exe: Shutdown complete (mysqld 8.0.32)  MySQL Community Server - GPL.
2023-02-24T07:29:33.528480Z 0 [System] [MY-010116] [Server] C:\Program Files\MySQL\MySQL Server 8.0\bin\mysqld.exe (mysqld 8.0.32) starting as process 8484
2023-02-24T07:29:33.572474Z 1 [System] [MY-013576] [InnoDB] InnoDB initialization has started.
2023-02-24T07:29:34.121668Z 1 [System] [MY-013577] [InnoDB] InnoDB initialization has ended.
2023-02-24T07:29:35.054674Z 0 [Warning] [MY-010068] [Server] CA certificate ca.pem is self signed.
2023-02-24T07:29:35.055492Z 0 [System] [MY-013602] [Server] Channel mysql_main configured to support TLS. Encrypted connections are now supported for this channel.
2023-02-24T07:29:35.145169Z 0 [System] [MY-011323] [Server] X Plugin ready for connections. Bind-address: '::' port: 33060
2023-02-24T07:29:35.145407Z 0 [System] [MY-010931] [Server] C:\Program Files\MySQL\MySQL Server 8.0\bin\mysqld.exe: ready for connections. Version: '8.0.32'  socket: ''  port: 3306  MySQL Community Server - GPL.
2023-02-26T14:28:40.771141Z 0 [System] [MY-013105] [Server] C:\Program Files\MySQL\MySQL Server 8.0\bin\mysqld.exe: Normal shutdown.
2023-02-26T14:28:41.959885Z 0 [System] [MY-010910] [Server] C:\Program Files\MySQL\MySQL Server 8.0\bin\mysqld.exe: Shutdown complete (mysqld 8.0.32)  MySQL Community Server - GPL.
2023-02-26T14:29:12.607143Z 0 [System] [MY-010116] [Server] C:\Program Files\MySQL\MySQL Server 8.0\bin\mysqld.exe (mysqld 8.0.32) starting as process 8496
2023-02-26T14:29:12.666446Z 1 [System] [MY-013576] [InnoDB] InnoDB initialization has started.
2023-02-26T14:29:13.148350Z 1 [System] [MY-013577] [InnoDB] InnoDB initialization has ended.
2023-02-26T14:29:13.868095Z 0 [Warning] [MY-010068] [Server] CA certificate ca.pem is self signed.
2023-02-26T14:29:13.868695Z 0 [System] [MY-013602] [Server] Channel mysql_main configured to support TLS. Encrypted connections are now supported for this channel.
2023-02-26T14:29:13.957905Z 0 [System] [MY-011323] [Server] X Plugin ready for connections. Bind-address: '::' port: 33060
2023-02-26T14:29:13.958036Z 0 [System] [MY-010931] [Server] C:\Program Files\MySQL\MySQL Server 8.0\bin\mysqld.exe: ready for connections. Version: '8.0.32'  socket: ''  port: 3306  MySQL Community Server - GPL.
2023-02-26T15:03:53.953881Z 0 [System] [MY-013105] [Server] C:\Program Files\MySQL\MySQL Server 8.0\bin\mysqld.exe: Normal shutdown.
2023-02-26T15:03:54.857700Z 0 [System] [MY-010910] [Server] C:\Program Files\MySQL\MySQL Server 8.0\bin\mysqld.exe: Shutdown complete (mysqld 8.0.32)  MySQL Community Server - GPL.
2023-02-26T15:04:22.488536Z 0 [System] [MY-010116] [Server] C:\Program Files\MySQL\MySQL Server 8.0\bin\mysqld.exe (mysqld 8.0.32) starting as process 8168
2023-02-26T15:04:22.551409Z 1 [System] [MY-013576] [InnoDB] InnoDB initialization has started.
2023-02-26T15:04:22.896139Z 1 [System] [MY-013577] [InnoDB] InnoDB initialization has ended.
2023-02-26T15:04:23.413092Z 0 [Warning] [MY-010068] [Server] CA certificate ca.pem is self signed.
2023-02-26T15:04:23.413685Z 0 [System] [MY-013602] [Server] Channel mysql_main configured to support TLS. Encrypted connections are now supported for this channel.
2023-02-26T15:04:23.483775Z 0 [System] [MY-011323] [Server] X Plugin ready for connections. Bind-address: '::' port: 33060
2023-02-26T15:04:23.483894Z 0 [System] [MY-010931] [Server] C:\Program Files\MySQL\MySQL Server 8.0\bin\mysqld.exe: ready for connections. Version: '8.0.32'  socket: ''  port: 3306  MySQL Community Server - GPL.
2023-03-08T09:06:06.412777Z 0 [System] [MY-013105] [Server] C:\Program Files\MySQL\MySQL Server 8.0\bin\mysqld.exe: Normal shutdown.
2023-03-08T09:06:07.368945Z 0 [System] [MY-010910] [Server] C:\Program Files\MySQL\MySQL Server 8.0\bin\mysqld.exe: Shutdown complete (mysqld 8.0.32)  MySQL Community Server - GPL.
2023-03-08T09:06:37.229940Z 0 [System] [MY-010116] [Server] C:\Program Files\MySQL\MySQL Server 8.0\bin\mysqld.exe (mysqld 8.0.32) starting as process 7476
2023-03-08T09:06:37.300701Z 1 [System] [MY-013576] [InnoDB] InnoDB initialization has started.
2023-03-08T09:06:38.105304Z 1 [System] [MY-013577] [InnoDB] InnoDB initialization has ended.
2023-03-08T09:06:39.005611Z 0 [Warning] [MY-010068] [Server] CA certificate ca.pem is self signed.
2023-03-08T09:06:39.006731Z 0 [System] [MY-013602] [Server] Channel mysql_main configured to support TLS. Encrypted connections are now supported for this channel.
2023-03-08T09:06:39.104054Z 0 [System] [MY-011323] [Server] X Plugin ready for connections. Bind-address: '::' port: 33060
2023-03-08T09:06:39.104213Z 0 [System] [MY-010931] [Server] C:\Program Files\MySQL\MySQL Server 8.0\bin\mysqld.exe: ready for connections. Version: '8.0.32'  socket: ''  port: 3306  MySQL Community Server - GPL.
2023-03-16T04:52:54.856573Z 0 [System] [MY-013105] [Server] C:\Program Files\MySQL\MySQL Server 8.0\bin\mysqld.exe: Normal shutdown.
2023-03-16T04:52:55.570790Z 0 [System] [MY-010910] [Server] C:\Program Files\MySQL\MySQL Server 8.0\bin\mysqld.exe: Shutdown complete (mysqld 8.0.32)  MySQL Community Server - GPL.
2023-03-16T04:53:26.105070Z 0 [System] [MY-010116] [Server] C:\Program Files\MySQL\MySQL Server 8.0\bin\mysqld.exe (mysqld 8.0.32) starting as process 6768
2023-03-16T04:53:26.127243Z 1 [System] [MY-013576] [InnoDB] InnoDB initialization has started.
2023-03-16T04:53:26.398222Z 1 [System] [MY-013577] [InnoDB] InnoDB initialization has ended.
2023-03-16T04:53:26.761167Z 0 [Warning] [MY-010068] [Server] CA certificate ca.pem is self signed.
2023-03-16T04:53:26.761541Z 0 [System] [MY-013602] [Server] Channel mysql_main configured to support TLS. Encrypted connections are now supported for this channel.
2023-03-16T04:53:26.787912Z 0 [System] [MY-011323] [Server] X Plugin ready for connections. Bind-address: '::' port: 33060
2023-03-16T04:53:26.788008Z 0 [System] [MY-010931] [Server] C:\Program Files\MySQL\MySQL Server 8.0\bin\mysqld.exe: ready for connections. Version: '8.0.32'  socket: ''  port: 3306  MySQL Community Server - GPL.
2023-03-16T04:55:00.681043Z 0 [System] [MY-013105] [Server] C:\Program Files\MySQL\MySQL Server 8.0\bin\mysqld.exe: Normal shutdown.
2023-03-16T04:55:01.297754Z 0 [System] [MY-010910] [Server] C:\Program Files\MySQL\MySQL Server 8.0\bin\mysqld.exe: Shutdown complete (mysqld 8.0.32)  MySQL Community Server - GPL.
2023-03-16T06:47:25.270540Z 0 [System] [MY-010116] [Server] C:\Program Files\MySQL\MySQL Server 8.0\bin\mysqld.exe (mysqld 8.0.32) starting as process 6956
2023-03-16T06:47:25.321095Z 1 [System] [MY-013576] [InnoDB] InnoDB initialization has started.
2023-03-16T06:47:25.676449Z 1 [System] [MY-013577] [InnoDB] InnoDB initialization has ended.
2023-03-16T06:47:26.096294Z 0 [Warning] [MY-010068] [Server] CA certificate ca.pem is self signed.
2023-03-16T06:47:26.096768Z 0 [System] [MY-013602] [Server] Channel mysql_main configured to support TLS. Encrypted connections are now supported for this channel.
2023-03-16T06:47:26.150491Z 0 [System] [MY-011323] [Server] X Plugin ready for connections. Bind-address: '::' port: 33060
2023-03-16T06:47:26.150592Z 0 [System] [MY-010931] [Server] C:\Program Files\MySQL\MySQL Server 8.0\bin\mysqld.exe: ready for connections. Version: '8.0.32'  socket: ''  port: 3306  MySQL Community Server - GPL.
2023-03-17T03:45:37.737267Z 0 [System] [MY-013105] [Server] C:\Program Files\MySQL\MySQL Server 8.0\bin\mysqld.exe: Normal shutdown.
2023-03-17T03:45:38.885826Z 0 [System] [MY-010910] [Server] C:\Program Files\MySQL\MySQL Server 8.0\bin\mysqld.exe: Shutdown complete (mysqld 8.0.32)  MySQL Community Server - GPL.
2023-03-17T03:46:04.296080Z 0 [System] [MY-010116] [Server] C:\Program Files\MySQL\MySQL Server 8.0\bin\mysqld.exe (mysqld 8.0.32) starting as process 7052
2023-03-17T03:46:04.326577Z 1 [System] [MY-013576] [InnoDB] InnoDB initialization has started.
2023-03-17T03:46:04.643953Z 1 [System] [MY-013577] [InnoDB] InnoDB initialization has ended.
2023-03-17T03:46:05.151651Z 0 [Warning] [MY-010068] [Server] CA certificate ca.pem is self signed.
2023-03-17T03:46:05.152247Z 0 [System] [MY-013602] [Server] Channel mysql_main configured to support TLS. Encrypted connections are now supported for this channel.
2023-03-17T03:46:05.185129Z 0 [System] [MY-011323] [Server] X Plugin ready for connections. Bind-address: '::' port: 33060
2023-03-17T03:46:05.185328Z 0 [System] [MY-010931] [Server] C:\Program Files\MySQL\MySQL Server 8.0\bin\mysqld.exe: ready for connections. Version: '8.0.32'  socket: ''  port: 3306  MySQL Community Server - GPL.
2023-03-17T03:46:07.394798Z 0 [System] [MY-013105] [Server] C:\Program Files\MySQL\MySQL Server 8.0\bin\mysqld.exe: Normal shutdown.
2023-03-17T03:46:08.136664Z 0 [System] [MY-010910] [Server] C:\Program Files\MySQL\MySQL Server 8.0\bin\mysqld.exe: Shutdown complete (mysqld 8.0.32)  MySQL Community Server - GPL.
2023-03-17T08:26:34.186848Z 0 [System] [MY-010116] [Server] C:\Program Files\MySQL\MySQL Server 8.0\bin\mysqld.exe (mysqld 8.0.32) starting as process 7096
2023-03-17T08:26:34.229916Z 1 [System] [MY-013576] [InnoDB] InnoDB initialization has started.
2023-03-17T08:26:34.698905Z 1 [System] [MY-013577] [InnoDB] InnoDB initialization has ended.
2023-03-17T08:26:35.046365Z 0 [Warning] [MY-010068] [Server] CA certificate ca.pem is self signed.
2023-03-17T08:26:35.046918Z 0 [System] [MY-013602] [Server] Channel mysql_main configured to support TLS. Encrypted connections are now supported for this channel.
2023-03-17T08:26:35.076663Z 0 [System] [MY-011323] [Server] X Plugin ready for connections. Bind-address: '::' port: 33060
2023-03-17T08:26:35.076762Z 0 [System] [MY-010931] [Server] C:\Program Files\MySQL\MySQL Server 8.0\bin\mysqld.exe: ready for connections. Version: '8.0.32'  socket: ''  port: 3306  MySQL Community Server - GPL.
2023-03-21T03:07:42.167652Z 0 [System] [MY-013105] [Server] C:\Program Files\MySQL\MySQL Server 8.0\bin\mysqld.exe: Normal shutdown.
2023-03-21T03:07:43.014821Z 0 [System] [MY-010910] [Server] C:\Program Files\MySQL\MySQL Server 8.0\bin\mysqld.exe: Shutdown complete (mysqld 8.0.32)  MySQL Community Server - GPL.
2023-03-21T03:40:38.687691Z 0 [System] [MY-010116] [Server] D:\APP\Work\MySQL\bin\mysqld.exe (mysqld 8.0.32) starting as process 30556
2023-03-21T03:40:38.812044Z 1 [System] [MY-013576] [InnoDB] InnoDB initialization has started.
2023-03-21T03:40:39.451944Z 1 [System] [MY-013577] [InnoDB] InnoDB initialization has ended.
2023-03-21T03:40:39.941568Z 0 [Warning] [MY-010068] [Server] CA certificate ca.pem is self signed.
2023-03-21T03:40:39.943037Z 0 [System] [MY-013602] [Server] Channel mysql_main configured to support TLS. Encrypted connections are now supported for this channel.
2023-03-21T03:40:40.026980Z 0 [System] [MY-011323] [Server] X Plugin ready for connections. Bind-address: '::' port: 33060
2023-03-21T03:40:40.027177Z 0 [System] [MY-010931] [Server] D:\APP\Work\MySQL\bin\mysqld.exe: ready for connections. Version: '8.0.32'  socket: ''  port: 3306  MySQL Community Server - GPL.
2023-03-21T03:41:04.836189Z 0 [System] [MY-010116] [Server] D:\APP\Work\MySQL\bin\mysqld.exe (mysqld 8.0.32) starting as process 24176
2023-03-21T03:41:04.876611Z 1 [System] [MY-013576] [InnoDB] InnoDB initialization has started.
2023-03-21T03:41:06.042082Z 1 [System] [MY-013577] [InnoDB] InnoDB initialization has ended.
2023-03-21T03:41:06.265109Z 0 [System] [MY-010229] [Server] Starting XA crash recovery...
2023-03-21T03:41:06.269718Z 0 [System] [MY-010232] [Server] XA crash recovery finished.
2023-03-21T03:41:06.339162Z 0 [Warning] [MY-010068] [Server] CA certificate ca.pem is self signed.
2023-03-21T03:41:06.340357Z 0 [System] [MY-013602] [Server] Channel mysql_main configured to support TLS. Encrypted connections are now supported for this channel.
2023-03-21T03:41:06.393318Z 0 [System] [MY-011323] [Server] X Plugin ready for connections. Bind-address: '::' port: 33060
2023-03-21T03:41:06.393424Z 0 [System] [MY-010931] [Server] D:\APP\Work\MySQL\bin\mysqld.exe: ready for connections. Version: '8.0.32'  socket: ''  port: 3306  MySQL Community Server - GPL.
2023-03-29T15:56:24.008127Z 0 [System] [MY-010116] [Server] D:\APP\Work\MySQL\bin\mysqld.exe (mysqld 8.0.32) starting as process 8324
2023-03-29T15:56:24.048698Z 1 [System] [MY-013576] [InnoDB] InnoDB initialization has started.
2023-03-29T15:56:24.452929Z 1 [System] [MY-013577] [InnoDB] InnoDB initialization has ended.
2023-03-29T15:56:24.695205Z 0 [System] [MY-010229] [Server] Starting XA crash recovery...
2023-03-29T15:56:24.711998Z 0 [System] [MY-010232] [Server] XA crash recovery finished.
2023-03-29T15:56:24.854379Z 0 [Warning] [MY-010068] [Server] CA certificate ca.pem is self signed.
2023-03-29T15:56:24.854951Z 0 [System] [MY-013602] [Server] Channel mysql_main configured to support TLS. Encrypted connections are now supported for this channel.
2023-03-29T15:56:24.879211Z 0 [System] [MY-011323] [Server] X Plugin ready for connections. Bind-address: '::' port: 33060
2023-03-29T15:56:24.879301Z 0 [System] [MY-010931] [Server] D:\APP\Work\MySQL\bin\mysqld.exe: ready for connections. Version: '8.0.32'  socket: ''  port: 3306  MySQL Community Server - GPL.
2023-04-13T15:10:46.459049Z 0 [System] [MY-010116] [Server] D:\APP\Work\MySQL\bin\mysqld.exe (mysqld 8.0.32) starting as process 7512
2023-04-13T15:10:46.492695Z 1 [System] [MY-013576] [InnoDB] InnoDB initialization has started.
2023-04-13T15:10:47.145909Z 1 [System] [MY-013577] [InnoDB] InnoDB initialization has ended.
2023-04-13T15:10:47.325632Z 0 [System] [MY-010229] [Server] Starting XA crash recovery...
2023-04-13T15:10:47.330957Z 0 [System] [MY-010232] [Server] XA crash recovery finished.
2023-04-13T15:10:47.476052Z 0 [Warning] [MY-010068] [Server] CA certificate ca.pem is self signed.
2023-04-13T15:10:47.476409Z 0 [System] [MY-013602] [Server] Channel mysql_main configured to support TLS. Encrypted connections are now supported for this channel.
2023-04-13T15:10:47.498137Z 0 [System] [MY-011323] [Server] X Plugin ready for connections. Bind-address: '::' port: 33060
2023-04-13T15:10:47.498222Z 0 [System] [MY-010931] [Server] D:\APP\Work\MySQL\bin\mysqld.exe: ready for connections. Version: '8.0.32'  socket: ''  port: 3306  MySQL Community Server - GPL.
2023-04-13T15:11:52.347277Z 0 [System] [MY-013105] [Server] D:\APP\Work\MySQL\bin\mysqld.exe: Normal shutdown.
2023-04-13T15:11:52.932132Z 0 [System] [MY-010910] [Server] D:\APP\Work\MySQL\bin\mysqld.exe: Shutdown complete (mysqld 8.0.32)  MySQL Community Server - GPL.
2023-04-14T01:14:42.219631Z 0 [System] [MY-010116] [Server] D:\APP\Work\MySQL\bin\mysqld.exe (mysqld 8.0.32) starting as process 7984
2023-04-14T01:14:42.281815Z 1 [System] [MY-013576] [InnoDB] InnoDB initialization has started.
2023-04-14T01:14:42.663779Z 1 [System] [MY-013577] [InnoDB] InnoDB initialization has ended.
2023-04-14T01:14:43.092401Z 0 [Warning] [MY-010068] [Server] CA certificate ca.pem is self signed.
2023-04-14T01:14:43.093092Z 0 [System] [MY-013602] [Server] Channel mysql_main configured to support TLS. Encrypted connections are now supported for this channel.
2023-04-14T01:14:43.152810Z 0 [System] [MY-011323] [Server] X Plugin ready for connections. Bind-address: '::' port: 33060
2023-04-14T01:14:43.152917Z 0 [System] [MY-010931] [Server] D:\APP\Work\MySQL\bin\mysqld.exe: ready for connections. Version: '8.0.32'  socket: ''  port: 3306  MySQL Community Server - GPL.
2023-04-17T04:57:16.435338Z 0 [System] [MY-013105] [Server] D:\APP\Work\MySQL\bin\mysqld.exe: Normal shutdown.
2023-04-17T04:57:43.819224Z 0 [System] [MY-010116] [Server] D:\APP\Work\MySQL\bin\mysqld.exe (mysqld 8.0.32) starting as process 7812
2023-04-17T04:57:43.857185Z 1 [System] [MY-013576] [InnoDB] InnoDB initialization has started.
2023-04-17T04:57:44.271823Z 1 [System] [MY-013577] [InnoDB] InnoDB initialization has ended.
2023-04-17T04:57:44.577413Z 0 [System] [MY-010229] [Server] Starting XA crash recovery...
2023-04-17T04:57:44.583460Z 0 [System] [MY-010232] [Server] XA crash recovery finished.
2023-04-17T04:57:44.663719Z 0 [Warning] [MY-010068] [Server] CA certificate ca.pem is self signed.
2023-04-17T04:57:44.664302Z 0 [System] [MY-013602] [Server] Channel mysql_main configured to support TLS. Encrypted connections are now supported for this channel.
2023-04-17T04:57:44.702920Z 0 [System] [MY-011323] [Server] X Plugin ready for connections. Bind-address: '::' port: 33060
2023-04-17T04:57:44.703025Z 0 [System] [MY-010931] [Server] D:\APP\Work\MySQL\bin\mysqld.exe: ready for connections. Version: '8.0.32'  socket: ''  port: 3306  MySQL Community Server - GPL.
2023-05-01T15:19:04.631021Z 0 [System] [MY-010116] [Server] D:\APP\Work\MySQL\bin\mysqld.exe (mysqld 8.0.32) starting as process 7872
2023-05-01T15:19:04.688677Z 1 [System] [MY-013576] [InnoDB] InnoDB initialization has started.
2023-05-01T15:19:05.266142Z 1 [System] [MY-013577] [InnoDB] InnoDB initialization has ended.
2023-05-01T15:19:05.495003Z 0 [System] [MY-010229] [Server] Starting XA crash recovery...
2023-05-01T15:19:05.500130Z 0 [System] [MY-010232] [Server] XA crash recovery finished.
2023-05-01T15:19:05.628954Z 0 [Warning] [MY-010068] [Server] CA certificate ca.pem is self signed.
2023-05-01T15:19:05.629298Z 0 [System] [MY-013602] [Server] Channel mysql_main configured to support TLS. Encrypted connections are now supported for this channel.
2023-05-01T15:19:05.662865Z 0 [System] [MY-011323] [Server] X Plugin ready for connections. Bind-address: '::' port: 33060
2023-05-01T15:19:05.662919Z 0 [System] [MY-010931] [Server] D:\APP\Work\MySQL\bin\mysqld.exe: ready for connections. Version: '8.0.32'  socket: ''  port: 3306  MySQL Community Server - GPL.
2023-05-01T15:49:06.353198Z 0 [System] [MY-010116] [Server] D:\APP\Work\MySQL\bin\mysqld.exe (mysqld 8.0.32) starting as process 8136
2023-05-01T15:49:06.394262Z 1 [System] [MY-013576] [InnoDB] InnoDB initialization has started.
2023-05-01T15:49:06.860118Z 1 [System] [MY-013577] [InnoDB] InnoDB initialization has ended.
2023-05-01T15:49:07.171536Z 0 [System] [MY-010229] [Server] Starting XA crash recovery...
2023-05-01T15:49:07.181072Z 0 [System] [MY-010232] [Server] XA crash recovery finished.
2023-05-01T15:49:07.241372Z 0 [Warning] [MY-010068] [Server] CA certificate ca.pem is self signed.
2023-05-01T15:49:07.241784Z 0 [System] [MY-013602] [Server] Channel mysql_main configured to support TLS. Encrypted connections are now supported for this channel.
2023-05-01T15:49:07.289875Z 0 [System] [MY-011323] [Server] X Plugin ready for connections. Bind-address: '::' port: 33060
2023-05-01T15:49:07.289985Z 0 [System] [MY-010931] [Server] D:\APP\Work\MySQL\bin\mysqld.exe: ready for connections. Version: '8.0.32'  socket: ''  port: 3306  MySQL Community Server - GPL.
2023-05-01T15:49:27.958630Z 0 [System] [MY-013105] [Server] D:\APP\Work\MySQL\bin\mysqld.exe: Normal shutdown.
2023-05-01T15:49:28.518462Z 0 [System] [MY-010910] [Server] D:\APP\Work\MySQL\bin\mysqld.exe: Shutdown complete (mysqld 8.0.32)  MySQL Community Server - GPL.
2023-05-01T15:49:55.672784Z 0 [System] [MY-010116] [Server] D:\APP\Work\MySQL\bin\mysqld.exe (mysqld 8.0.32) starting as process 6968
2023-05-01T15:49:55.745819Z 1 [System] [MY-013576] [InnoDB] InnoDB initialization has started.
2023-05-01T15:49:56.128048Z 1 [System] [MY-013577] [InnoDB] InnoDB initialization has ended.
2023-05-01T15:49:56.551514Z 0 [Warning] [MY-010068] [Server] CA certificate ca.pem is self signed.
2023-05-01T15:49:56.551884Z 0 [System] [MY-013602] [Server] Channel mysql_main configured to support TLS. Encrypted connections are now supported for this channel.
2023-05-01T15:49:56.590133Z 0 [System] [MY-011323] [Server] X Plugin ready for connections. Bind-address: '::' port: 33060
2023-05-01T15:49:56.590200Z 0 [System] [MY-010931] [Server] D:\APP\Work\MySQL\bin\mysqld.exe: ready for connections. Version: '8.0.32'  socket: ''  port: 3306  MySQL Community Server - GPL.
2023-05-03T04:16:12.993966Z 0 [System] [MY-010116] [Server] D:\APP\Work\MySQL\bin\mysqld.exe (mysqld 8.0.32) starting as process 7932
2023-05-03T04:16:13.042239Z 1 [System] [MY-013576] [InnoDB] InnoDB initialization has started.
2023-05-03T04:16:13.631404Z 1 [System] [MY-013577] [InnoDB] InnoDB initialization has ended.
2023-05-03T04:16:13.908636Z 0 [System] [MY-010229] [Server] Starting XA crash recovery...
2023-05-03T04:16:13.913430Z 0 [System] [MY-010232] [Server] XA crash recovery finished.
2023-05-03T04:16:13.985999Z 0 [Warning] [MY-010068] [Server] CA certificate ca.pem is self signed.
2023-05-03T04:16:13.986562Z 0 [System] [MY-013602] [Server] Channel mysql_main configured to support TLS. Encrypted connections are now supported for this channel.
2023-05-03T04:16:14.030621Z 0 [System] [MY-011323] [Server] X Plugin ready for connections. Bind-address: '::' port: 33060
2023-05-03T04:16:14.030703Z 0 [System] [MY-010931] [Server] D:\APP\Work\MySQL\bin\mysqld.exe: ready for connections. Version: '8.0.32'  socket: ''  port: 3306  MySQL Community Server - GPL.
2023-05-12T18:17:31.832356Z 0 [System] [MY-010116] [Server] D:\APP\Work\MySQL\bin\mysqld.exe (mysqld 8.0.32) starting as process 7432
2023-05-12T18:17:31.870195Z 1 [System] [MY-013576] [InnoDB] InnoDB initialization has started.
2023-05-12T18:17:32.232377Z 1 [System] [MY-013577] [InnoDB] InnoDB initialization has ended.
2023-05-12T18:17:32.414386Z 0 [System] [MY-010229] [Server] Starting XA crash recovery...
2023-05-12T18:17:32.419767Z 0 [System] [MY-010232] [Server] XA crash recovery finished.
2023-05-12T18:17:32.528470Z 0 [Warning] [MY-010068] [Server] CA certificate ca.pem is self signed.
2023-05-12T18:17:32.528842Z 0 [System] [MY-013602] [Server] Channel mysql_main configured to support TLS. Encrypted connections are now supported for this channel.
2023-05-12T18:17:32.563716Z 0 [System] [MY-011323] [Server] X Plugin ready for connections. Bind-address: '::' port: 33060
2023-05-12T18:17:32.563795Z 0 [System] [MY-010931] [Server] D:\APP\Work\MySQL\bin\mysqld.exe: ready for connections. Version: '8.0.32'  socket: ''  port: 3306  MySQL Community Server - GPL.
2023-05-21T17:59:51.495109Z 0 [System] [MY-010116] [Server] D:\APP\Work\MySQL\bin\mysqld.exe (mysqld 8.0.32) starting as process 7956
2023-05-21T17:59:51.529836Z 1 [System] [MY-013576] [InnoDB] InnoDB initialization has started.
2023-05-21T17:59:51.940408Z 1 [System] [MY-013577] [InnoDB] InnoDB initialization has ended.
2023-05-21T17:59:52.509768Z 0 [System] [MY-010229] [Server] Starting XA crash recovery...
2023-05-21T17:59:52.516159Z 0 [System] [MY-010232] [Server] XA crash recovery finished.
2023-05-21T17:59:52.608085Z 0 [Warning] [MY-010068] [Server] CA certificate ca.pem is self signed.
2023-05-21T17:59:52.608509Z 0 [System] [MY-013602] [Server] Channel mysql_main configured to support TLS. Encrypted connections are now supported for this channel.
2023-05-21T17:59:52.631928Z 0 [System] [MY-011323] [Server] X Plugin ready for connections. Bind-address: '::' port: 33060
2023-05-21T17:59:52.631987Z 0 [System] [MY-010931] [Server] D:\APP\Work\MySQL\bin\mysqld.exe: ready for connections. Version: '8.0.32'  socket: ''  port: 3306  MySQL Community Server - GPL.
2023-05-23T12:09:01.300219Z 0 [System] [MY-013105] [Server] D:\APP\Work\MySQL\bin\mysqld.exe: Normal shutdown.
2023-05-23T12:09:02.157487Z 0 [System] [MY-010910] [Server] D:\APP\Work\MySQL\bin\mysqld.exe: Shutdown complete (mysqld 8.0.32)  MySQL Community Server - GPL.
2023-05-23T12:09:39.454838Z 0 [System] [MY-010116] [Server] D:\APP\Work\MySQL\bin\mysqld.exe (mysqld 8.0.32) starting as process 8064
2023-05-23T12:09:39.517997Z 1 [System] [MY-013576] [InnoDB] InnoDB initialization has started.
2023-05-23T12:09:39.806085Z 1 [System] [MY-013577] [InnoDB] InnoDB initialization has ended.
2023-05-23T12:09:40.194717Z 0 [Warning] [MY-010068] [Server] CA certificate ca.pem is self signed.
2023-05-23T12:09:40.195116Z 0 [System] [MY-013602] [Server] Channel mysql_main configured to support TLS. Encrypted connections are now supported for this channel.
2023-05-23T12:09:40.240465Z 0 [System] [MY-011323] [Server] X Plugin ready for connections. Bind-address: '::' port: 33060
2023-05-23T12:09:40.240570Z 0 [System] [MY-010931] [Server] D:\APP\Work\MySQL\bin\mysqld.exe: ready for connections. Version: '8.0.32'  socket: ''  port: 3306  MySQL Community Server - GPL.
2023-05-24T03:31:39.394866Z 0 [System] [MY-013105] [Server] D:\APP\Work\MySQL\bin\mysqld.exe: Normal shutdown.
2023-05-24T03:32:07.992646Z 0 [System] [MY-010116] [Server] D:\APP\Work\MySQL\bin\mysqld.exe (mysqld 8.0.32) starting as process 8216
2023-05-24T03:32:08.048817Z 1 [System] [MY-013576] [InnoDB] InnoDB initialization has started.
2023-05-24T03:32:08.592990Z 1 [System] [MY-013577] [InnoDB] InnoDB initialization has ended.
2023-05-24T03:32:08.964525Z 0 [System] [MY-010229] [Server] Starting XA crash recovery...
2023-05-24T03:32:08.971221Z 0 [System] [MY-010232] [Server] XA crash recovery finished.
2023-05-24T03:32:09.127328Z 0 [Warning] [MY-010068] [Server] CA certificate ca.pem is self signed.
2023-05-24T03:32:09.128053Z 0 [System] [MY-013602] [Server] Channel mysql_main configured to support TLS. Encrypted connections are now supported for this channel.
2023-05-24T03:32:09.162750Z 0 [System] [MY-011323] [Server] X Plugin ready for connections. Bind-address: '::' port: 33060
2023-05-24T03:32:09.162807Z 0 [System] [MY-010931] [Server] D:\APP\Work\MySQL\bin\mysqld.exe: ready for connections. Version: '8.0.32'  socket: ''  port: 3306  MySQL Community Server - GPL.
2023-05-28T14:07:39.209669Z 0 [System] [MY-010116] [Server] D:\APP\Work\MySQL\bin\mysqld.exe (mysqld 8.0.32) starting as process 7416
2023-05-28T14:07:39.253184Z 1 [System] [MY-013576] [InnoDB] InnoDB initialization has started.
2023-05-28T14:07:39.679621Z 1 [System] [MY-013577] [InnoDB] InnoDB initialization has ended.
2023-05-28T14:07:40.117687Z 0 [System] [MY-010229] [Server] Starting XA crash recovery...
2023-05-28T14:07:40.124906Z 0 [System] [MY-010232] [Server] XA crash recovery finished.
2023-05-28T14:07:40.250754Z 0 [Warning] [MY-010068] [Server] CA certificate ca.pem is self signed.
2023-05-28T14:07:40.251354Z 0 [System] [MY-013602] [Server] Channel mysql_main configured to support TLS. Encrypted connections are now supported for this channel.
2023-05-28T14:07:40.302092Z 0 [System] [MY-011323] [Server] X Plugin ready for connections. Bind-address: '::' port: 33060
2023-05-28T14:07:40.302483Z 0 [System] [MY-010931] [Server] D:\APP\Work\MySQL\bin\mysqld.exe: ready for connections. Version: '8.0.32'  socket: ''  port: 3306  MySQL Community Server - GPL.
2023-06-04T09:57:45.746998Z 0 [System] [MY-010116] [Server] D:\APP\Work\MySQL\bin\mysqld.exe (mysqld 8.0.32) starting as process 7396
2023-06-04T09:57:45.785213Z 1 [System] [MY-013576] [InnoDB] InnoDB initialization has started.
2023-06-04T09:57:46.250902Z 1 [System] [MY-013577] [InnoDB] InnoDB initialization has ended.
2023-06-04T09:57:46.895595Z 0 [System] [MY-010229] [Server] Starting XA crash recovery...
2023-06-04T09:57:46.904325Z 0 [System] [MY-010232] [Server] XA crash recovery finished.
2023-06-04T09:57:46.992728Z 0 [Warning] [MY-010068] [Server] CA certificate ca.pem is self signed.
2023-06-04T09:57:46.993259Z 0 [System] [MY-013602] [Server] Channel mysql_main configured to support TLS. Encrypted connections are now supported for this channel.
2023-06-04T09:57:47.039090Z 0 [System] [MY-011323] [Server] X Plugin ready for connections. Bind-address: '::' port: 33060
2023-06-04T09:57:47.039198Z 0 [System] [MY-010931] [Server] D:\APP\Work\MySQL\bin\mysqld.exe: ready for connections. Version: '8.0.32'  socket: ''  port: 3306  MySQL Community Server - GPL.
2023-06-10T09:15:53.306834Z 0 [System] [MY-010116] [Server] D:\APP\Work\MySQL\bin\mysqld.exe (mysqld 8.0.32) starting as process 6132
2023-06-10T09:15:53.342393Z 1 [System] [MY-013576] [InnoDB] InnoDB initialization has started.
2023-06-10T09:15:53.726697Z 1 [System] [MY-013577] [InnoDB] InnoDB initialization has ended.
2023-06-10T09:15:54.024048Z 0 [System] [MY-010229] [Server] Starting XA crash recovery...
2023-06-10T09:15:54.029905Z 0 [System] [MY-010232] [Server] XA crash recovery finished.
2023-06-10T09:15:54.155187Z 0 [Warning] [MY-010068] [Server] CA certificate ca.pem is self signed.
2023-06-10T09:15:54.155915Z 0 [System] [MY-013602] [Server] Channel mysql_main configured to support TLS. Encrypted connections are now supported for this channel.
2023-06-10T09:15:54.188106Z 0 [System] [MY-011323] [Server] X Plugin ready for connections. Bind-address: '::' port: 33060
2023-06-10T09:15:54.188239Z 0 [System] [MY-010931] [Server] D:\APP\Work\MySQL\bin\mysqld.exe: ready for connections. Version: '8.0.32'  socket: ''  port: 3306  MySQL Community Server - GPL.
2023-06-18T17:10:04.037435Z 0 [System] [MY-010116] [Server] D:\APP\Work\MySQL\bin\mysqld.exe (mysqld 8.0.32) starting as process 6912
2023-06-18T17:10:04.524794Z 1 [System] [MY-013576] [InnoDB] InnoDB initialization has started.
2023-06-18T17:10:04.944626Z 1 [System] [MY-013577] [InnoDB] InnoDB initialization has ended.
2023-06-18T17:10:05.122282Z 0 [System] [MY-010229] [Server] Starting XA crash recovery...
2023-06-18T17:10:05.125906Z 0 [System] [MY-010232] [Server] XA crash recovery finished.
2023-06-18T17:10:05.278737Z 0 [Warning] [MY-010068] [Server] CA certificate ca.pem is self signed.
2023-06-18T17:10:05.279092Z 0 [System] [MY-013602] [Server] Channel mysql_main configured to support TLS. Encrypted connections are now supported for this channel.
2023-06-18T17:10:05.323536Z 0 [System] [MY-011323] [Server] X Plugin ready for connections. Bind-address: '::' port: 33060
2023-06-18T17:10:05.323614Z 0 [System] [MY-010931] [Server] D:\APP\Work\MySQL\bin\mysqld.exe: ready for connections. Version: '8.0.32'  socket: ''  port: 3306  MySQL Community Server - GPL.
2023-06-23T08:07:29.216725Z 0 [System] [MY-010116] [Server] D:\APP\Work\MySQL\bin\mysqld.exe (mysqld 8.0.32) starting as process 7768
2023-06-23T08:07:29.287933Z 1 [System] [MY-013576] [InnoDB] InnoDB initialization has started.
2023-06-23T08:07:29.860243Z 1 [System] [MY-013577] [InnoDB] InnoDB initialization has ended.
2023-06-23T08:07:30.210559Z 0 [System] [MY-010229] [Server] Starting XA crash recovery...
2023-06-23T08:07:30.218062Z 0 [System] [MY-010232] [Server] XA crash recovery finished.
2023-06-23T08:07:30.313202Z 0 [Warning] [MY-010068] [Server] CA certificate ca.pem is self signed.
2023-06-23T08:07:30.314097Z 0 [System] [MY-013602] [Server] Channel mysql_main configured to support TLS. Encrypted connections are now supported for this channel.
2023-06-23T08:07:30.366960Z 0 [System] [MY-011323] [Server] X Plugin ready for connections. Bind-address: '::' port: 33060
2023-06-23T08:07:30.367099Z 0 [System] [MY-010931] [Server] D:\APP\Work\MySQL\bin\mysqld.exe: ready for connections. Version: '8.0.32'  socket: ''  port: 3306  MySQL Community Server - GPL.
2023-06-28T13:24:01.105232Z 0 [System] [MY-013105] [Server] D:\APP\Work\MySQL\bin\mysqld.exe: Normal shutdown.
2023-06-28T13:24:02.371878Z 0 [System] [MY-010910] [Server] D:\APP\Work\MySQL\bin\mysqld.exe: Shutdown complete (mysqld 8.0.32)  MySQL Community Server - GPL.
2023-06-28T13:24:32.993627Z 0 [System] [MY-010116] [Server] D:\APP\Work\MySQL\bin\mysqld.exe (mysqld 8.0.32) starting as process 8048
2023-06-28T13:24:33.056603Z 1 [System] [MY-013576] [InnoDB] InnoDB initialization has started.
2023-06-28T13:24:33.434758Z 1 [System] [MY-013577] [InnoDB] InnoDB initialization has ended.
2023-06-28T13:24:33.917262Z 0 [Warning] [MY-010068] [Server] CA certificate ca.pem is self signed.
2023-06-28T13:24:33.918107Z 0 [System] [MY-013602] [Server] Channel mysql_main configured to support TLS. Encrypted connections are now supported for this channel.
2023-06-28T13:24:33.982016Z 0 [System] [MY-011323] [Server] X Plugin ready for connections. Bind-address: '::' port: 33060
2023-06-28T13:24:33.982144Z 0 [System] [MY-010931] [Server] D:\APP\Work\MySQL\bin\mysqld.exe: ready for connections. Version: '8.0.32'  socket: ''  port: 3306  MySQL Community Server - GPL.
2023-07-13T03:38:09.092667Z 0 [System] [MY-010116] [Server] D:\APP\Work\MySQL\bin\mysqld.exe (mysqld 8.0.32) starting as process 8516
2023-07-13T03:38:09.149187Z 1 [System] [MY-013576] [InnoDB] InnoDB initialization has started.
2023-07-13T03:38:09.768770Z 1 [System] [MY-013577] [InnoDB] InnoDB initialization has ended.
2023-07-13T03:38:10.056747Z 0 [System] [MY-010229] [Server] Starting XA crash recovery...
2023-07-13T03:38:10.062020Z 0 [System] [MY-010232] [Server] XA crash recovery finished.
2023-07-13T03:38:10.227775Z 0 [Warning] [MY-010068] [Server] CA certificate ca.pem is self signed.
2023-07-13T03:38:10.228262Z 0 [System] [MY-013602] [Server] Channel mysql_main configured to support TLS. Encrypted connections are now supported for this channel.
2023-07-13T03:38:10.257153Z 0 [System] [MY-011323] [Server] X Plugin ready for connections. Bind-address: '::' port: 33060
2023-07-13T03:38:10.257255Z 0 [System] [MY-010931] [Server] D:\APP\Work\MySQL\bin\mysqld.exe: ready for connections. Version: '8.0.32'  socket: ''  port: 3306  MySQL Community Server - GPL.
2023-07-13T15:45:08.743244Z 0 [System] [MY-013105] [Server] D:\APP\Work\MySQL\bin\mysqld.exe: Normal shutdown.
2023-07-13T15:45:09.673466Z 0 [System] [MY-010910] [Server] D:\APP\Work\MySQL\bin\mysqld.exe: Shutdown complete (mysqld 8.0.32)  MySQL Community Server - GPL.
2023-07-13T15:45:46.425996Z 0 [System] [MY-010116] [Server] D:\APP\Work\MySQL\bin\mysqld.exe (mysqld 8.0.32) starting as process 7220
2023-07-13T15:45:46.507946Z 1 [System] [MY-013576] [InnoDB] InnoDB initialization has started.
2023-07-13T15:45:46.783774Z 1 [System] [MY-013577] [InnoDB] InnoDB initialization has ended.
2023-07-13T15:45:47.178776Z 0 [Warning] [MY-010068] [Server] CA certificate ca.pem is self signed.
2023-07-13T15:45:47.179208Z 0 [System] [MY-013602] [Server] Channel mysql_main configured to support TLS. Encrypted connections are now supported for this channel.
2023-07-13T15:45:47.224226Z 0 [System] [MY-011323] [Server] X Plugin ready for connections. Bind-address: '::' port: 33060
2023-07-13T15:45:47.224316Z 0 [System] [MY-010931] [Server] D:\APP\Work\MySQL\bin\mysqld.exe: ready for connections. Version: '8.0.32'  socket: ''  port: 3306  MySQL Community Server - GPL.
2023-07-22T16:03:38.002064Z 0 [System] [MY-013105] [Server] D:\APP\Work\MySQL\bin\mysqld.exe: Normal shutdown.
2023-07-22T16:03:39.310982Z 0 [System] [MY-010910] [Server] D:\APP\Work\MySQL\bin\mysqld.exe: Shutdown complete (mysqld 8.0.32)  MySQL Community Server - GPL.
2023-07-22T16:04:09.356877Z 0 [System] [MY-010116] [Server] D:\APP\Work\MySQL\bin\mysqld.exe (mysqld 8.0.32) starting as process 8156
2023-07-22T16:04:09.397358Z 1 [System] [MY-013576] [InnoDB] InnoDB initialization has started.
2023-07-22T16:04:09.741161Z 1 [System] [MY-013577] [InnoDB] InnoDB initialization has ended.
2023-07-22T16:04:10.236079Z 0 [Warning] [MY-010068] [Server] CA certificate ca.pem is self signed.
2023-07-22T16:04:10.236669Z 0 [System] [MY-013602] [Server] Channel mysql_main configured to support TLS. Encrypted connections are now supported for this channel.
2023-07-22T16:04:10.262465Z 0 [System] [MY-011323] [Server] X Plugin ready for connections. Bind-address: '::' port: 33060
2023-07-22T16:04:10.262540Z 0 [System] [MY-010931] [Server] D:\APP\Work\MySQL\bin\mysqld.exe: ready for connections. Version: '8.0.32'  socket: ''  port: 3306  MySQL Community Server - GPL.
2023-08-08T10:04:16.481703Z 0 [System] [MY-010116] [Server] D:\APP\Work\MySQL\bin\mysqld.exe (mysqld 8.0.32) starting as process 7204
2023-08-08T10:04:16.544557Z 1 [System] [MY-013576] [InnoDB] InnoDB initialization has started.
2023-08-08T10:04:17.067249Z 1 [System] [MY-013577] [InnoDB] InnoDB initialization has ended.
2023-08-08T10:04:17.378639Z 0 [System] [MY-010229] [Server] Starting XA crash recovery...
2023-08-08T10:04:17.389053Z 0 [System] [MY-010232] [Server] XA crash recovery finished.
2023-08-08T10:04:17.481310Z 0 [Warning] [MY-010068] [Server] CA certificate ca.pem is self signed.
2023-08-08T10:04:17.482020Z 0 [System] [MY-013602] [Server] Channel mysql_main configured to support TLS. Encrypted connections are now supported for this channel.
2023-08-08T10:04:17.520252Z 0 [System] [MY-011323] [Server] X Plugin ready for connections. Bind-address: '::' port: 33060
2023-08-08T10:04:17.520377Z 0 [System] [MY-010931] [Server] D:\APP\Work\MySQL\bin\mysqld.exe: ready for connections. Version: '8.0.32'  socket: ''  port: 3306  MySQL Community Server - GPL.
2023-08-13T04:06:45.643087Z 0 [System] [MY-010116] [Server] D:\APP\Work\MySQL\bin\mysqld.exe (mysqld 8.0.32) starting as process 7236
2023-08-13T04:06:45.683108Z 1 [System] [MY-013576] [InnoDB] InnoDB initialization has started.
2023-08-13T04:06:46.181922Z 1 [System] [MY-013577] [InnoDB] InnoDB initialization has ended.
2023-08-13T04:06:46.395278Z 0 [System] [MY-010229] [Server] Starting XA crash recovery...
2023-08-13T04:06:46.401116Z 0 [System] [MY-010232] [Server] XA crash recovery finished.
2023-08-13T04:06:46.472280Z 0 [Warning] [MY-010068] [Server] CA certificate ca.pem is self signed.
2023-08-13T04:06:46.472844Z 0 [System] [MY-013602] [Server] Channel mysql_main configured to support TLS. Encrypted connections are now supported for this channel.
2023-08-13T04:06:46.506307Z 0 [System] [MY-011323] [Server] X Plugin ready for connections. Bind-address: '::' port: 33060
2023-08-13T04:06:46.506413Z 0 [System] [MY-010931] [Server] D:\APP\Work\MySQL\bin\mysqld.exe: ready for connections. Version: '8.0.32'  socket: ''  port: 3306  MySQL Community Server - GPL.
2023-08-13T17:13:14.038518Z 0 [System] [MY-013105] [Server] D:\APP\Work\MySQL\bin\mysqld.exe: Normal shutdown.
2023-08-13T17:13:14.682836Z 0 [System] [MY-010910] [Server] D:\APP\Work\MySQL\bin\mysqld.exe: Shutdown complete (mysqld 8.0.32)  MySQL Community Server - GPL.
2023-08-13T17:13:43.321581Z 0 [System] [MY-010116] [Server] D:\APP\Work\MySQL\bin\mysqld.exe (mysqld 8.0.32) starting as process 7412
2023-08-13T17:13:43.366509Z 1 [System] [MY-013576] [InnoDB] InnoDB initialization has started.
2023-08-13T17:13:43.641366Z 1 [System] [MY-013577] [InnoDB] InnoDB initialization has ended.
2023-08-13T17:13:44.512564Z 0 [Warning] [MY-010068] [Server] CA certificate ca.pem is self signed.
2023-08-13T17:13:44.513469Z 0 [System] [MY-013602] [Server] Channel mysql_main configured to support TLS. Encrypted connections are now supported for this channel.
2023-08-13T17:13:44.556528Z 0 [System] [MY-011323] [Server] X Plugin ready for connections. Bind-address: '::' port: 33060
2023-08-13T17:13:44.556525Z 0 [System] [MY-010931] [Server] D:\APP\Work\MySQL\bin\mysqld.exe: ready for connections. Version: '8.0.32'  socket: ''  port: 3306  MySQL Community Server - GPL.
2023-08-27T16:54:25.875981Z 0 [System] [MY-010116] [Server] D:\APP\Work\MySQL\bin\mysqld.exe (mysqld 8.0.32) starting as process 8104
2023-08-27T16:54:25.934749Z 1 [System] [MY-013576] [InnoDB] InnoDB initialization has started.
2023-08-27T16:54:26.485275Z 1 [System] [MY-013577] [InnoDB] InnoDB initialization has ended.
2023-08-27T16:54:26.785113Z 0 [System] [MY-010229] [Server] Starting XA crash recovery...
2023-08-27T16:54:26.794626Z 0 [System] [MY-010232] [Server] XA crash recovery finished.
2023-08-27T16:54:26.910557Z 0 [Warning] [MY-010068] [Server] CA certificate ca.pem is self signed.
2023-08-27T16:54:26.911400Z 0 [System] [MY-013602] [Server] Channel mysql_main configured to support TLS. Encrypted connections are now supported for this channel.
2023-08-27T16:54:27.006982Z 0 [System] [MY-011323] [Server] X Plugin ready for connections. Bind-address: '::' port: 33060
2023-08-27T16:54:27.007091Z 0 [System] [MY-010931] [Server] D:\APP\Work\MySQL\bin\mysqld.exe: ready for connections. Version: '8.0.32'  socket: ''  port: 3306  MySQL Community Server - GPL.
2023-08-28T01:08:41.076629Z 0 [System] [MY-010116] [Server] D:\APP\Work\MySQL\bin\mysqld.exe (mysqld 8.0.32) starting as process 8352
2023-08-28T01:08:41.149165Z 1 [System] [MY-013576] [InnoDB] InnoDB initialization has started.
2023-08-28T01:08:41.717992Z 1 [System] [MY-013577] [InnoDB] InnoDB initialization has ended.
2023-08-28T01:08:41.993369Z 0 [System] [MY-010229] [Server] Starting XA crash recovery...
2023-08-28T01:08:41.998513Z 0 [System] [MY-010232] [Server] XA crash recovery finished.
2023-08-28T01:08:42.127122Z 0 [Warning] [MY-010068] [Server] CA certificate ca.pem is self signed.
2023-08-28T01:08:42.127761Z 0 [System] [MY-013602] [Server] Channel mysql_main configured to support TLS. Encrypted connections are now supported for this channel.
2023-08-28T01:08:42.167206Z 0 [System] [MY-011323] [Server] X Plugin ready for connections. Bind-address: '::' port: 33060
2023-08-28T01:08:42.167306Z 0 [System] [MY-010931] [Server] D:\APP\Work\MySQL\bin\mysqld.exe: ready for connections. Version: '8.0.32'  socket: ''  port: 3306  MySQL Community Server - GPL.
2023-09-01T13:58:26.621888Z 0 [System] [MY-010116] [Server] D:\APP\Work\MySQL\bin\mysqld.exe (mysqld 8.0.32) starting as process 8272
2023-09-01T13:58:26.677339Z 1 [System] [MY-013576] [InnoDB] InnoDB initialization has started.
2023-09-01T13:58:27.182616Z 1 [System] [MY-013577] [InnoDB] InnoDB initialization has ended.
2023-09-01T13:58:27.671031Z 0 [System] [MY-010229] [Server] Starting XA crash recovery...
2023-09-01T13:58:27.679949Z 0 [System] [MY-010232] [Server] XA crash recovery finished.
2023-09-01T13:58:27.846203Z 0 [Warning] [MY-010068] [Server] CA certificate ca.pem is self signed.
2023-09-01T13:58:27.846751Z 0 [System] [MY-013602] [Server] Channel mysql_main configured to support TLS. Encrypted connections are now supported for this channel.
2023-09-01T13:58:27.880155Z 0 [System] [MY-011323] [Server] X Plugin ready for connections. Bind-address: '::' port: 33060
2023-09-01T13:58:27.880257Z 0 [System] [MY-010931] [Server] D:\APP\Work\MySQL\bin\mysqld.exe: ready for connections. Version: '8.0.32'  socket: ''  port: 3306  MySQL Community Server - GPL.
2023-09-04T11:04:57.983062Z 0 [System] [MY-013105] [Server] D:\APP\Work\MySQL\bin\mysqld.exe: Normal shutdown.
2023-09-04T11:04:58.830909Z 0 [System] [MY-010910] [Server] D:\APP\Work\MySQL\bin\mysqld.exe: Shutdown complete (mysqld 8.0.32)  MySQL Community Server - GPL.
2023-09-04T11:05:30.688255Z 0 [System] [MY-010116] [Server] D:\APP\Work\MySQL\bin\mysqld.exe (mysqld 8.0.32) starting as process 8456
2023-09-04T11:05:30.748301Z 1 [System] [MY-013576] [InnoDB] InnoDB initialization has started.
2023-09-04T11:05:31.047514Z 1 [System] [MY-013577] [InnoDB] InnoDB initialization has ended.
2023-09-04T11:05:31.421253Z 0 [Warning] [MY-010068] [Server] CA certificate ca.pem is self signed.
2023-09-04T11:05:31.421820Z 0 [System] [MY-013602] [Server] Channel mysql_main configured to support TLS. Encrypted connections are now supported for this channel.
2023-09-04T11:05:31.459272Z 0 [System] [MY-011323] [Server] X Plugin ready for connections. Bind-address: '::' port: 33060
2023-09-04T11:05:31.459337Z 0 [System] [MY-010931] [Server] D:\APP\Work\MySQL\bin\mysqld.exe: ready for connections. Version: '8.0.32'  socket: ''  port: 3306  MySQL Community Server - GPL.
2023-09-16T12:08:05.244341Z 0 [System] [MY-010116] [Server] D:\APP\Work\MySQL\bin\mysqld.exe (mysqld 8.0.32) starting as process 7196
2023-09-16T12:08:05.312923Z 1 [System] [MY-013576] [InnoDB] InnoDB initialization has started.
2023-09-16T12:08:05.800346Z 1 [System] [MY-013577] [InnoDB] InnoDB initialization has ended.
2023-09-16T12:08:06.011697Z 0 [System] [MY-010229] [Server] Starting XA crash recovery...
2023-09-16T12:08:06.016264Z 0 [System] [MY-010232] [Server] XA crash recovery finished.
2023-09-16T12:08:06.148080Z 0 [Warning] [MY-010068] [Server] CA certificate ca.pem is self signed.
2023-09-16T12:08:06.148493Z 0 [System] [MY-013602] [Server] Channel mysql_main configured to support TLS. Encrypted connections are now supported for this channel.
2023-09-16T12:08:06.179496Z 0 [System] [MY-011323] [Server] X Plugin ready for connections. Bind-address: '::' port: 33060
2023-09-16T12:08:06.179594Z 0 [System] [MY-010931] [Server] D:\APP\Work\MySQL\bin\mysqld.exe: ready for connections. Version: '8.0.32'  socket: ''  port: 3306  MySQL Community Server - GPL.
2023-09-19T03:36:19.504960Z 0 [System] [MY-013105] [Server] D:\APP\Work\MySQL\bin\mysqld.exe: Normal shutdown.
2023-09-19T03:36:20.511119Z 0 [System] [MY-010910] [Server] D:\APP\Work\MySQL\bin\mysqld.exe: Shutdown complete (mysqld 8.0.32)  MySQL Community Server - GPL.
2023-09-19T03:36:58.639747Z 0 [System] [MY-010116] [Server] D:\APP\Work\MySQL\bin\mysqld.exe (mysqld 8.0.32) starting as process 7996
2023-09-19T03:36:58.687191Z 1 [System] [MY-013576] [InnoDB] InnoDB initialization has started.
2023-09-19T03:36:58.917003Z 1 [System] [MY-013577] [InnoDB] InnoDB initialization has ended.
2023-09-19T03:36:59.199775Z 0 [Warning] [MY-010068] [Server] CA certificate ca.pem is self signed.
2023-09-19T03:36:59.200227Z 0 [System] [MY-013602] [Server] Channel mysql_main configured to support TLS. Encrypted connections are now supported for this channel.
2023-09-19T03:36:59.239468Z 0 [System] [MY-011323] [Server] X Plugin ready for connections. Bind-address: '::' port: 33060
2023-09-19T03:36:59.239567Z 0 [System] [MY-010931] [Server] D:\APP\Work\MySQL\bin\mysqld.exe: ready for connections. Version: '8.0.32'  socket: ''  port: 3306  MySQL Community Server - GPL.
2023-09-20T08:43:10.014356Z 0 [System] [MY-013105] [Server] D:\APP\Work\MySQL\bin\mysqld.exe: Normal shutdown.
2023-09-20T08:43:11.404282Z 0 [System] [MY-010910] [Server] D:\APP\Work\MySQL\bin\mysqld.exe: Shutdown complete (mysqld 8.0.32)  MySQL Community Server - GPL.
2023-09-20T08:43:40.967465Z 0 [System] [MY-010116] [Server] D:\APP\Work\MySQL\bin\mysqld.exe (mysqld 8.0.32) starting as process 8276
2023-09-20T08:43:41.055626Z 1 [System] [MY-013576] [InnoDB] InnoDB initialization has started.
2023-09-20T08:43:41.540238Z 1 [System] [MY-013577] [InnoDB] InnoDB initialization has ended.
2023-09-20T08:43:42.023876Z 0 [Warning] [MY-010068] [Server] CA certificate ca.pem is self signed.
2023-09-20T08:43:42.024513Z 0 [System] [MY-013602] [Server] Channel mysql_main configured to support TLS. Encrypted connections are now supported for this channel.
2023-09-20T08:43:42.081773Z 0 [System] [MY-011323] [Server] X Plugin ready for connections. Bind-address: '::' port: 33060
2023-09-20T08:43:42.081901Z 0 [System] [MY-010931] [Server] D:\APP\Work\MySQL\bin\mysqld.exe: ready for connections. Version: '8.0.32'  socket: ''  port: 3306  MySQL Community Server - GPL.
2023-10-02T00:44:42.649242Z 0 [System] [MY-010116] [Server] D:\APP\Work\MySQL\bin\mysqld.exe (mysqld 8.0.32) starting as process 8320
2023-10-02T00:44:42.692037Z 1 [System] [MY-013576] [InnoDB] InnoDB initialization has started.
2023-10-02T00:44:43.096770Z 1 [System] [MY-013577] [InnoDB] InnoDB initialization has ended.
2023-10-02T00:44:43.876706Z 0 [System] [MY-010229] [Server] Starting XA crash recovery...
2023-10-02T00:44:43.881634Z 0 [System] [MY-010232] [Server] XA crash recovery finished.
2023-10-02T00:44:43.981954Z 0 [Warning] [MY-010068] [Server] CA certificate ca.pem is self signed.
2023-10-02T00:44:43.982619Z 0 [System] [MY-013602] [Server] Channel mysql_main configured to support TLS. Encrypted connections are now supported for this channel.
2023-10-02T00:44:44.020051Z 0 [System] [MY-011323] [Server] X Plugin ready for connections. Bind-address: '::' port: 33060
2023-10-02T00:44:44.020164Z 0 [System] [MY-010931] [Server] D:\APP\Work\MySQL\bin\mysqld.exe: ready for connections. Version: '8.0.32'  socket: ''  port: 3306  MySQL Community Server - GPL.
2023-10-04T08:10:44.509008Z 0 [System] [MY-013105] [Server] D:\APP\Work\MySQL\bin\mysqld.exe: Normal shutdown.
2023-10-04T08:10:45.779721Z 0 [System] [MY-010910] [Server] D:\APP\Work\MySQL\bin\mysqld.exe: Shutdown complete (mysqld 8.0.32)  MySQL Community Server - GPL.
2023-10-04T08:11:15.055417Z 0 [System] [MY-010116] [Server] D:\APP\Work\MySQL\bin\mysqld.exe (mysqld 8.0.32) starting as process 8860
2023-10-04T08:11:15.125441Z 1 [System] [MY-013576] [InnoDB] InnoDB initialization has started.
2023-10-04T08:11:15.631475Z 1 [System] [MY-013577] [InnoDB] InnoDB initialization has ended.
2023-10-04T08:11:16.147951Z 0 [Warning] [MY-010068] [Server] CA certificate ca.pem is self signed.
2023-10-04T08:11:16.148593Z 0 [System] [MY-013602] [Server] Channel mysql_main configured to support TLS. Encrypted connections are now supported for this channel.
2023-10-04T08:11:16.192552Z 0 [System] [MY-011323] [Server] X Plugin ready for connections. Bind-address: '::' port: 33060
2023-10-04T08:11:16.192694Z 0 [System] [MY-010931] [Server] D:\APP\Work\MySQL\bin\mysqld.exe: ready for connections. Version: '8.0.32'  socket: ''  port: 3306  MySQL Community Server - GPL.
2023-10-07T18:21:09.326025Z 0 [System] [MY-013105] [Server] D:\APP\Work\MySQL\bin\mysqld.exe: Normal shutdown.
2023-10-07T18:21:10.482974Z 0 [System] [MY-010910] [Server] D:\APP\Work\MySQL\bin\mysqld.exe: Shutdown complete (mysqld 8.0.32)  MySQL Community Server - GPL.
2023-10-07T18:21:38.644988Z 0 [System] [MY-010116] [Server] D:\APP\Work\MySQL\bin\mysqld.exe (mysqld 8.0.32) starting as process 8176
2023-10-07T18:21:38.743090Z 1 [System] [MY-013576] [InnoDB] InnoDB initialization has started.
2023-10-07T18:21:39.469913Z 1 [System] [MY-013577] [InnoDB] InnoDB initialization has ended.
2023-10-07T18:21:39.892619Z 0 [Warning] [MY-010068] [Server] CA certificate ca.pem is self signed.
2023-10-07T18:21:39.893163Z 0 [System] [MY-013602] [Server] Channel mysql_main configured to support TLS. Encrypted connections are now supported for this channel.
2023-10-07T18:21:39.944910Z 0 [System] [MY-011323] [Server] X Plugin ready for connections. Bind-address: '::' port: 33060
2023-10-07T18:21:39.945028Z 0 [System] [MY-010931] [Server] D:\APP\Work\MySQL\bin\mysqld.exe: ready for connections. Version: '8.0.32'  socket: ''  port: 3306  MySQL Community Server - GPL.
2023-10-14T00:10:35.820957Z 0 [System] [MY-013105] [Server] D:\APP\Work\MySQL\bin\mysqld.exe: Normal shutdown.
2023-10-14T00:15:16.263392Z 0 [System] [MY-010116] [Server] D:\APP\Work\MySQL\bin\mysqld.exe (mysqld 8.0.32) starting as process 8500
2023-10-14T00:15:16.305321Z 1 [System] [MY-013576] [InnoDB] InnoDB initialization has started.
2023-10-14T00:15:16.738106Z 1 [System] [MY-013577] [InnoDB] InnoDB initialization has ended.
2023-10-14T00:15:16.947998Z 0 [System] [MY-010229] [Server] Starting XA crash recovery...
2023-10-14T00:15:16.955663Z 0 [System] [MY-010232] [Server] XA crash recovery finished.
2023-10-14T00:15:17.094269Z 0 [Warning] [MY-010068] [Server] CA certificate ca.pem is self signed.
2023-10-14T00:15:17.094691Z 0 [System] [MY-013602] [Server] Channel mysql_main configured to support TLS. Encrypted connections are now supported for this channel.
2023-10-14T00:15:17.131152Z 0 [System] [MY-011323] [Server] X Plugin ready for connections. Bind-address: '::' port: 33060
2023-10-14T00:15:17.131225Z 0 [System] [MY-010931] [Server] D:\APP\Work\MySQL\bin\mysqld.exe: ready for connections. Version: '8.0.32'  socket: ''  port: 3306  MySQL Community Server - GPL.
2023-10-24T19:54:13.129962Z 0 [System] [MY-013105] [Server] D:\APP\Work\MySQL\bin\mysqld.exe: Normal shutdown.
2023-10-24T19:54:14.189411Z 0 [System] [MY-010910] [Server] D:\APP\Work\MySQL\bin\mysqld.exe: Shutdown complete (mysqld 8.0.32)  MySQL Community Server - GPL.
2023-10-24T20:00:51.968541Z 0 [System] [MY-010116] [Server] D:\APP\Work\MySQL\bin\mysqld.exe (mysqld 8.0.32) starting as process 108256
2023-10-24T20:00:52.019511Z 1 [System] [MY-013576] [InnoDB] InnoDB initialization has started.
2023-10-24T20:00:52.425422Z 1 [System] [MY-013577] [InnoDB] InnoDB initialization has ended.
2023-10-24T20:00:52.769835Z 0 [Warning] [MY-010068] [Server] CA certificate ca.pem is self signed.
2023-10-24T20:00:52.770269Z 0 [System] [MY-013602] [Server] Channel mysql_main configured to support TLS. Encrypted connections are now supported for this channel.
2023-10-24T20:00:52.807396Z 0 [System] [MY-011323] [Server] X Plugin ready for connections. Bind-address: '::' port: 33060
2023-10-24T20:00:52.807530Z 0 [System] [MY-010931] [Server] D:\APP\Work\MySQL\bin\mysqld.exe: ready for connections. Version: '8.0.32'  socket: ''  port: 3306  MySQL Community Server - GPL.
2023-10-24T20:26:47.391260Z 0 [System] [MY-013105] [Server] D:\APP\Work\MySQL\bin\mysqld.exe: Normal shutdown.
2023-10-24T20:26:50.314555Z 0 [System] [MY-010910] [Server] D:\APP\Work\MySQL\bin\mysqld.exe: Shutdown complete (mysqld 8.0.32)  MySQL Community Server - GPL.
2023-10-24T20:50:38.247290Z 0 [System] [MY-010116] [Server] D:\APP\Work\MySQL\bin\mysqld.exe (mysqld 8.0.32) starting as process 111696
2023-10-24T20:50:38.265890Z 1 [System] [MY-013576] [InnoDB] InnoDB initialization has started.
2023-10-24T20:50:38.710547Z 1 [System] [MY-013577] [InnoDB] InnoDB initialization has ended.
2023-10-24T20:50:39.000490Z 0 [Warning] [MY-010068] [Server] CA certificate ca.pem is self signed.
2023-10-24T20:50:39.000902Z 0 [System] [MY-013602] [Server] Channel mysql_main configured to support TLS. Encrypted connections are now supported for this channel.
2023-10-24T20:50:39.025630Z 0 [System] [MY-011323] [Server] X Plugin ready for connections. Bind-address: '::' port: 33060
2023-10-24T20:50:39.025783Z 0 [System] [MY-010931] [Server] D:\APP\Work\MySQL\bin\mysqld.exe: ready for connections. Version: '8.0.32'  socket: ''  port: 3306  MySQL Community Server - GPL.
2023-10-24T21:06:38.505199Z 0 [System] [MY-013105] [Server] D:\APP\Work\MySQL\bin\mysqld.exe: Normal shutdown.
2023-10-24T21:06:39.355502Z 0 [System] [MY-010910] [Server] D:\APP\Work\MySQL\bin\mysqld.exe: Shutdown complete (mysqld 8.0.32)  MySQL Community Server - GPL.
2023-10-24T21:08:54.522952Z 0 [System] [MY-010116] [Server] D:\APP\Work\MySQL\bin\mysqld.exe (mysqld 8.0.32) starting as process 106928
2023-10-24T21:08:54.571359Z 1 [System] [MY-013576] [InnoDB] InnoDB initialization has started.
2023-10-24T21:08:54.967694Z 1 [System] [MY-013577] [InnoDB] InnoDB initialization has ended.
2023-10-24T21:08:55.226876Z 0 [Warning] [MY-010068] [Server] CA certificate ca.pem is self signed.
2023-10-24T21:08:55.227217Z 0 [System] [MY-013602] [Server] Channel mysql_main configured to support TLS. Encrypted connections are now supported for this channel.
2023-10-24T21:08:55.257228Z 0 [System] [MY-011323] [Server] X Plugin ready for connections. Bind-address: '::' port: 33060
2023-10-24T21:08:55.257374Z 0 [System] [MY-010931] [Server] D:\APP\Work\MySQL\bin\mysqld.exe: ready for connections. Version: '8.0.32'  socket: ''  port: 3306  MySQL Community Server - GPL.
